# JRE version: Java(TM) SE Runtime Environment (21.0.10+8) (build 21.0.10+8-LTS-217)
# Java VM: Java HotSpot(TM) 64-Bit Server VM (21.0.10+8-LTS-217, mixed mode, sharing, tiered, compressed oops, compressed class ptrs, g1 gc, windows-amd64)
GC Precious Log:
 CardTable entry size: 512
 Card Set container configuration: InlinePtr #cards 5 size 8 Array Of Cards #cards 12 size 40 Howl #buckets 4 coarsen threshold 1843 Howl Bitmap #cards 512 size 80 coarsen threshold 460 Card regions per heap region 1 cards per card region 2048
 CPUs: 8 total, 8 available
 Memory: 8006M
 Large Page Support: Disabled
 NUMA Support: Disabled
 Compressed Oops: Enabled (32-bit)
 Heap Region Size: 1M
 Heap Min Capacity: 8M
 Heap Initial Capacity: 126M
 Heap Max Capacity: 2002M
 Pre-touch: Disabled
 Parallel Workers: 8
 Concurrent Workers: 2
 Concurrent Refinement Workers: 8
 Periodic GC: Disabled
Heap:
 garbage-first heap   total 66560K, used 54066K [0x0000000082e00000, 0x0000000100000000)
  region size 1024K, 16 young (16384K), 3 survivors (3072K)
 Metaspace       used 81700K, committed 82560K, reserved 1179648K
  class space    used 10892K, committed 11328K, reserved 1048576K
GC Heap History (20 events):
Event: 9.185 GC heap before
{Heap before GC invocations=7 (full 0):
 garbage-first heap   total 65536K, used 27986K [0x0000000082e00000, 0x0000000100000000)
  region size 1024K, 8 young (8192K), 4 survivors (4096K)
 Metaspace       used 35661K, committed 36096K, reserved 1114112K
  class space    used 4588K, committed 4800K, reserved 1048576K
}
Event: 9.195 GC heap after
{Heap after GC invocations=8 (full 0):
 garbage-first heap   total 65536K, used 25960K [0x0000000082e00000, 0x0000000100000000)
  region size 1024K, 1 young (1024K), 1 survivors (1024K)
 Metaspace       used 35661K, committed 36096K, reserved 1114112K
  class space    used 4588K, committed 4800K, reserved 1048576K
}
Event: 11.660 GC heap before
{Heap before GC invocations=9 (full 0):
 garbage-first heap   total 65536K, used 54632K [0x0000000082e00000, 0x0000000100000000)
  region size 1024K, 29 young (29696K), 1 survivors (1024K)
 Metaspace       used 42847K, committed 43456K, reserved 1114112K
  class space    used 5659K, committed 5952K, reserved 1048576K
}
Event: 11.666 GC heap after
{Heap after GC invocations=10 (full 0):
 garbage-first heap   total 65536K, used 27363K [0x0000000082e00000, 0x0000000100000000)
  region size 1024K, 3 young (3072K), 3 survivors (3072K)
 Metaspace       used 42847K, committed 43456K, reserved 1114112K
  class space    used 5659K, committed 5952K, reserved 1048576K
}
Event: 15.001 GC heap before
{Heap before GC invocations=10 (full 0):
 garbage-first heap   total 65536K, used 53987K [0x0000000082e00000, 0x0000000100000000)
  region size 1024K, 30 young (30720K), 3 survivors (3072K)
 Metaspace       used 50071K, committed 50688K, reserved 1114112K
  class space    used 6547K, committed 6848K, reserved 1048576K
}
Event: 15.010 GC heap after
{Heap after GC invocations=11 (full 0):
 garbage-first heap   total 65536K, used 28632K [0x0000000082e00000, 0x0000000100000000)
  region size 1024K, 4 young (4096K), 4 survivors (4096K)
 Metaspace       used 50071K, committed 50688K, reserved 1114112K
  class space    used 6547K, committed 6848K, reserved 1048576K
}
Event: 16.615 GC heap before
{Heap before GC invocations=11 (full 0):
 garbage-first heap   total 65536K, used 55256K [0x0000000082e00000, 0x0000000100000000)
  region size 1024K, 31 young (31744K), 4 survivors (4096K)
 Metaspace       used 58836K, committed 59456K, reserved 1114112K
  class space    used 7985K, committed 8256K, reserved 1048576K
}
Event: 16.630 GC heap after
{Heap after GC invocations=12 (full 0):
 garbage-first heap   total 65536K, used 30152K [0x0000000082e00000, 0x0000000100000000)
  region size 1024K, 4 young (4096K), 4 survivors (4096K)
 Metaspace       used 58836K, committed 59456K, reserved 1114112K
  class space    used 7985K, committed 8256K, reserved 1048576K
}
Event: 17.015 GC heap before
{Heap before GC invocations=12 (full 0):
 garbage-first heap   total 65536K, used 36296K [0x0000000082e00000, 0x0000000100000000)
  region size 1024K, 11 young (11264K), 4 survivors (4096K)
 Metaspace       used 59698K, committed 60288K, reserved 1114112K
  class space    used 8055K, committed 8320K, reserved 1048576K
}
Event: 17.025 GC heap after
{Heap after GC invocations=13 (full 0):
 garbage-first heap   total 65536K, used 31093K [0x0000000082e00000, 0x0000000100000000)
  region size 1024K, 3 young (3072K), 3 survivors (3072K)
 Metaspace       used 59698K, committed 60288K, reserved 1114112K
  class space    used 8055K, committed 8320K, reserved 1048576K
}
Event: 18.213 GC heap before
{Heap before GC invocations=14 (full 0):
 garbage-first heap   total 65536K, used 54645K [0x0000000082e00000, 0x0000000100000000)
  region size 1024K, 27 young (27648K), 3 survivors (3072K)
 Metaspace       used 64336K, committed 64960K, reserved 1114112K
  class space    used 8735K, committed 9024K, reserved 1048576K
}
Event: 18.220 GC heap after
{Heap after GC invocations=15 (full 0):
 garbage-first heap   total 65536K, used 33414K [0x0000000082e00000, 0x0000000100000000)
  region size 1024K, 4 young (4096K), 4 survivors (4096K)
 Metaspace       used 64336K, committed 64960K, reserved 1114112K
  class space    used 8735K, committed 9024K, reserved 1048576K
}
Event: 19.281 GC heap before
{Heap before GC invocations=15 (full 0):
 garbage-first heap   total 65536K, used 55942K [0x0000000082e00000, 0x0000000100000000)
  region size 1024K, 26 young (26624K), 4 survivors (4096K)
 Metaspace       used 67285K, committed 67968K, reserved 1114112K
  class space    used 9112K, committed 9408K, reserved 1048576K
}
Event: 19.289 GC heap after
{Heap after GC invocations=16 (full 0):
 garbage-first heap   total 65536K, used 34993K [0x0000000082e00000, 0x0000000100000000)
  region size 1024K, 3 young (3072K), 3 survivors (3072K)
 Metaspace       used 67285K, committed 67968K, reserved 1114112K
  class space    used 9112K, committed 9408K, reserved 1048576K
}
Event: 21.330 GC heap before
{Heap before GC invocations=16 (full 0):
 garbage-first heap   total 65536K, used 56497K [0x0000000082e00000, 0x0000000100000000)
  region size 1024K, 25 young (25600K), 3 survivors (3072K)
 Metaspace       used 70080K, committed 70848K, reserved 1114112K
  class space    used 9478K, committed 9792K, reserved 1048576K
}
Event: 21.339 GC heap after
{Heap after GC invocations=17 (full 0):
 garbage-first heap   total 65536K, used 37196K [0x0000000082e00000, 0x0000000100000000)
  region size 1024K, 3 young (3072K), 3 survivors (3072K)
 Metaspace       used 70080K, committed 70848K, reserved 1114112K
  class space    used 9478K, committed 9792K, reserved 1048576K
}
Event: 24.310 GC heap before
{Heap before GC invocations=18 (full 0):
 garbage-first heap   total 66560K, used 55628K [0x0000000082e00000, 0x0000000100000000)
  region size 1024K, 22 young (22528K), 3 survivors (3072K)
 Metaspace       used 73993K, committed 74816K, reserved 1114112K
  class space    used 9987K, committed 10368K, reserved 1048576K
}
Event: 24.319 GC heap after
{Heap after GC invocations=19 (full 0):
 garbage-first heap   total 66560K, used 39016K [0x0000000082e00000, 0x0000000100000000)
  region size 1024K, 2 young (2048K), 2 survivors (2048K)
 Metaspace       used 73993K, committed 74816K, reserved 1114112K
  class space    used 9987K, committed 10368K, reserved 1048576K
}
Event: 25.627 GC heap before
{Heap before GC invocations=19 (full 0):
 garbage-first heap   total 66560K, used 58472K [0x0000000082e00000, 0x0000000100000000)
  region size 1024K, 22 young (22528K), 2 survivors (2048K)
 Metaspace       used 78129K, committed 78976K, reserved 1179648K
  class space    used 10519K, committed 10880K, reserved 1048576K
}
Event: 25.636 GC heap after
{Heap after GC invocations=20 (full 0):
 garbage-first heap   total 66560K, used 41778K [0x0000000082e00000, 0x0000000100000000)
  region size 1024K, 3 young (3072K), 3 survivors (3072K)
 Metaspace       used 78129K, committed 78976K, reserved 1179648K
  class space    used 10519K, committed 10880K, reserved 1048576K
}

